[debug] [2021-03-23T04:34:34.207Z] ----------------------------------------------------------------------
[debug] [2021-03-23T04:34:34.208Z] Command:       C:\Program Files\nodejs\node.exe C:\Users\bella\AppData\Roaming\npm\node_modules\firebase-tools\lib\bin\firebase.js init
[debug] [2021-03-23T04:34:34.209Z] CLI Version:   9.6.1
[debug] [2021-03-23T04:34:34.209Z] Platform:      win32
[debug] [2021-03-23T04:34:34.209Z] Node Version:  v14.15.5
[debug] [2021-03-23T04:34:34.209Z] Time:          Tue Mar 23 2021 06:34:34 GMT+0200 (Eastern European Standard Time)
[debug] [2021-03-23T04:34:34.210Z] ----------------------------------------------------------------------
[debug] [2021-03-23T04:34:34.210Z] 
[debug] [2021-03-23T04:34:34.214Z] > command requires scopes: ["email","openid","https://www.googleapis.com/auth/cloudplatformprojects.readonly","https://www.googleapis.com/auth/firebase","https://www.googleapis.com/auth/cloud-platform"]
[debug] [2021-03-23T04:34:34.214Z] > authorizing via signed-in user
[info] 
     ######## #### ########  ######## ########     ###     ######  ########
     ##        ##  ##     ## ##       ##     ##  ##   ##  ##       ##
     ######    ##  ########  ######   ########  #########  ######  ######
     ##        ##  ##    ##  ##       ##     ## ##     ##       ## ##
     ##       #### ##     ## ######## ########  ##     ##  ######  ########

You're about to initialize a Firebase project in this directory:

  C:\Bitnami\rubystack-3.0.0-0\travelling_ui

Before we get started, keep in mind:

  * You are currently outside your home directory

[info] 
=== Project Setup
[info] 
[info] First, let's associate this project directory with a Firebase project.
[info] You can create multiple project aliases by running firebase use --add, 
[info] but for now we'll just set up a default project.
[info] 
[debug] [2021-03-23T04:35:07.142Z] >>> [apiv2][query] GET https://firebase.googleapis.com/v1beta1/projects pageSize=100
[debug] [2021-03-23T04:35:07.747Z] <<< [apiv2][status] GET https://firebase.googleapis.com/v1beta1/projects 200
[debug] [2021-03-23T04:35:07.747Z] <<< [apiv2][body] GET https://firebase.googleapis.com/v1beta1/projects [omitted]
[info] i  Using project ui-flight (ui-flight) 
[info] 
=== Hosting Setup
[info] 
[info] Your public directory is the folder (relative to your project directory) that
[info] will contain Hosting assets to be uploaded with firebase deploy. If you
[info] have a build process for your assets, use your build's output directory.
[info] 
[debug] [2021-03-23T04:36:54.526Z] >>> [apiv2][query] GET https://www.gstatic.com/firebasejs/releases.json [none]
[debug] [2021-03-23T04:36:54.834Z] <<< [apiv2][status] GET https://www.gstatic.com/firebasejs/releases.json 200
[debug] [2021-03-23T04:36:54.835Z] <<< [apiv2][body] GET https://www.gstatic.com/firebasejs/releases.json {"current":{"version":"8.3.1","browserURL":"https://www.gstatic.com/firebasejs/8.3.1/firebase.js","packageURL":"https://www.gstatic.com/firebasejs/8.3.1/firebase.tgz"},"live":{"version":"8.3","browserURL":"https://www.gstatic.com/firebasejs/live/8.3/firebase.js","packageURL":"https://www.gstatic.com/firebasejs/live/8.3/firebase.tgz"},"components":{"analytics":"https://www.gstatic.com/firebasejs/8.3.1/firebase-analytics.js","app":"https://www.gstatic.com/firebasejs/8.3.1/firebase-app.js","auth":"https://www.gstatic.com/firebasejs/8.3.1/firebase-auth.js","database":"https://www.gstatic.com/firebasejs/8.3.1/firebase-database.js","firestore":"https://www.gstatic.com/firebasejs/8.3.1/firebase-firestore.js","functions":"https://www.gstatic.com/firebasejs/8.3.1/firebase-functions.js","installations":"https://www.gstatic.com/firebasejs/8.3.1/firebase-installations.js","messaging":"https://www.gstatic.com/firebasejs/8.3.1/firebase-messaging.js","storage":"https://www.gstatic.com/firebasejs/8.3.1/firebase-storage.js","performance":"https://www.gstatic.com/firebasejs/8.3.1/firebase-performance.js","remote-config":"https://www.gstatic.com/firebasejs/8.3.1/firebase-remote-config.js","firestore.memory":"https://www.gstatic.com/firebasejs/8.3.1/firebase-firestore.memory.js"}}
[info] +  Wrote public/index.html 
[info] 
[info] i  Detected a .git folder at C:\Bitnami\rubystack-3.0.0-0\travelling_ui 
[info] i  Authorizing with GitHub to upload your service account to a GitHub repository's secrets store. 
[info] 
[info] Visit this URL on this device to log in:
[info] https://github.com/login/oauth/authorize?client_id=89cf50f02ac6aaed3484&state=353821976&redirect_uri=http%3A%2F%2Flocalhost%3A9005&scope=read%3Auser%20repo%20public_repo
[info] 
[info] Waiting for authentication...
[debug] [2021-03-23T04:37:03.956Z] >>> HTTP REQUEST POST https://github.com/login/oauth/access_token  
 {"client_id":"89cf50f02ac6aaed3484","client_secret":"3330d14abc895d9a74d5f17cd7a00711fa2c5bf0","code":"07d8a0f9735d6742c24f","redirect_uri":"http://localhost:9005","state":"353821976"}
[debug] [2021-03-23T04:37:04.626Z] <<< HTTP RESPONSE 200 {"server":"GitHub.com","date":"Tue, 23 Mar 2021 04:37:04 GMT","content-type":"application/json; charset=utf-8","transfer-encoding":"chunked","vary":"X-PJAX, Accept-Encoding, Accept, X-Requested-With","etag":"W/\"82eeffde835a3a57d3b29f972eed6126\"","cache-control":"max-age=0, private, must-revalidate","strict-transport-security":"max-age=31536000; includeSubdomains; preload","x-frame-options":"deny","x-content-type-options":"nosniff","x-xss-protection":"0","referrer-policy":"origin-when-cross-origin, strict-origin-when-cross-origin","expect-ct":"max-age=2592000, report-uri=\"https://api.github.com/_private/browser/errors\"","content-security-policy":"default-src 'none'; base-uri 'self'; block-all-mixed-content; connect-src 'self' uploads.github.com www.githubstatus.com collector.githubapp.com api.github.com github-cloud.s3.amazonaws.com github-production-repository-file-5c1aeb.s3.amazonaws.com github-production-upload-manifest-file-7fdce7.s3.amazonaws.com github-production-user-asset-6210df.s3.amazonaws.com cdn.optimizely.com logx.optimizely.com/v1/events wss://alive.github.com; font-src github.githubassets.com; form-action 'self' github.com gist.github.com; frame-ancestors 'none'; frame-src render.githubusercontent.com; img-src 'self' data: github.githubassets.com identicons.github.com collector.githubapp.com github-cloud.s3.amazonaws.com secured-user-images.githubusercontent.com/ *.githubusercontent.com; manifest-src 'self'; media-src 'none'; script-src github.githubassets.com; style-src 'unsafe-inline' github.githubassets.com; worker-src github.com/socket-worker-6832eced.js gist.github.com/socket-worker-6832eced.js","x-github-request-id":"F88C:4BA0:230B941:25A0379:60597070"}
[debug] [2021-03-23T04:37:04.628Z] >>> [apiv2][query] GET https://api.github.com/user [none]
[debug] [2021-03-23T04:37:05.172Z] <<< [apiv2][status] GET https://api.github.com/user 200
[debug] [2021-03-23T04:37:05.173Z] <<< [apiv2][body] GET https://api.github.com/user {"login":"Bellal22","id":38460760,"node_id":"MDQ6VXNlcjM4NDYwNzYw","avatar_url":"https://avatars.githubusercontent.com/u/38460760?v=4","gravatar_id":"","url":"https://api.github.com/users/Bellal22","html_url":"https://github.com/Bellal22","followers_url":"https://api.github.com/users/Bellal22/followers","following_url":"https://api.github.com/users/Bellal22/following{/other_user}","gists_url":"https://api.github.com/users/Bellal22/gists{/gist_id}","starred_url":"https://api.github.com/users/Bellal22/starred{/owner}{/repo}","subscriptions_url":"https://api.github.com/users/Bellal22/subscriptions","organizations_url":"https://api.github.com/users/Bellal22/orgs","repos_url":"https://api.github.com/users/Bellal22/repos","events_url":"https://api.github.com/users/Bellal22/events{/privacy}","received_events_url":"https://api.github.com/users/Bellal22/received_events","type":"User","site_admin":false,"name":"Bellal Hassen","company":null,"blog":"","location":null,"email":null,"hireable":null,"bio":null,"twitter_username":null,"public_repos":6,"public_gists":0,"followers":2,"following":2,"created_at":"2018-04-17T10:39:17Z","updated_at":"2021-03-23T04:37:03Z","private_gists":0,"total_private_repos":2,"owned_private_repos":2,"disk_usage":187087,"collaborators":1,"two_factor_authentication":false,"plan":{"name":"free","space":976562499,"collaborators":0,"private_repos":10000}}
[info] 
[info] +  Success! Logged into GitHub as Bellal22 
[info] 
